This is pdfTeX, Version 3.1415926-1.40.10 (TeX Live 2009/Debian) (format=latex 2010.9.8)  12 OCT 2010 18:32
entering extended mode
 restricted \write18 enabled.
 %&-line parsing enabled.
**Hmwk_5.tex
(./Hmwk_5.tex
LaTeX2e <2009/09/24>
Babel <v3.8l> and hyphenation patterns for english, usenglishmax, dumylang, noh
yphenation, farsi, arabic, croatian, bulgarian, ukrainian, russian, czech, slov
ak, danish, dutch, finnish, french, basque, ngerman, german, german-x-2009-06-1
9, ngerman-x-2009-06-19, ibycus, monogreek, greek, ancientgreek, hungarian, san
skrit, italian, latin, latvian, lithuanian, mongolian2a, mongolian, bokmal, nyn
orsk, romanian, irish, coptic, serbian, turkish, welsh, esperanto, uppersorbian
, estonian, indonesian, interlingua, icelandic, kurmanji, slovenian, polish, po
rtuguese, spanish, galician, catalan, swedish, ukenglish, pinyin, loaded.
(/usr/share/texmf-texlive/tex/latex/base/article.cls
Document Class: article 2007/10/19 v1.4h Standard LaTeX document class
(/usr/share/texmf-texlive/tex/latex/base/size11.clo
File: size11.clo 2007/10/19 v1.4h Standard LaTeX file (size option)
)
\c@part=\count79
\c@section=\count80
\c@subsection=\count81
\c@subsubsection=\count82
\c@paragraph=\count83
\c@subparagraph=\count84
\c@figure=\count85
\c@table=\count86
\abovecaptionskip=\skip41
\belowcaptionskip=\skip42
\bibindent=\dimen102
)
(/usr/share/texmf-texlive/tex/latex/base/latexsym.sty
Package: latexsym 1998/08/17 v2.2e Standard LaTeX package (lasy symbols)
\symlasy=\mathgroup4
LaTeX Font Info:    Overwriting symbol font `lasy' in version `bold'
(Font)                  U/lasy/m/n --> U/lasy/b/n on input line 47.
)
(/usr/share/texmf-texlive/tex/latex/moreverb/moreverb.sty
Package: moreverb 2008/06/03 v2.3 `more' verbatim facilities

(/usr/share/texmf-texlive/tex/latex/tools/verbatim.sty
Package: verbatim 2003/08/22 v1.5q LaTeX2e package for verbatim enhancements
\every@verbatim=\toks14
\verbatim@line=\toks15
\verbatim@in@stream=\read1
)
\verbatim@out=\write3
\tab@position=\count87
\tab@size=\count88
\listing@line=\count89
)
(/usr/share/texmf-texlive/tex/latex/amsfonts/amssymb.sty
Package: amssymb 2009/06/22 v3.00

(/usr/share/texmf-texlive/tex/latex/amsfonts/amsfonts.sty
Package: amsfonts 2009/06/22 v3.00 Basic AMSFonts support
\@emptytoks=\toks16
\symAMSa=\mathgroup5
\symAMSb=\mathgroup6
LaTeX Font Info:    Overwriting math alphabet `\mathfrak' in version `bold'
(Font)                  U/euf/m/n --> U/euf/b/n on input line 96.
))
(/usr/share/texmf-texlive/tex/latex/amscls/amsthm.sty
Package: amsthm 2004/08/06 v2.20
\thm@style=\toks17
\thm@bodyfont=\toks18
\thm@headfont=\toks19
\thm@notefont=\toks20
\thm@headpunct=\toks21
\thm@preskip=\skip43
\thm@postskip=\skip44
\thm@headsep=\skip45
\dth@everypar=\toks22
)
(/usr/share/texmf-texlive/tex/latex/tools/enumerate.sty
Package: enumerate 1999/03/05 v3.00 enumerate extensions (DPC)
\@enLab=\toks23
)
(/usr/share/texmf-texlive/tex/latex/amsmath/amsmath.sty
Package: amsmath 2000/07/18 v2.13 AMS math features
\@mathmargin=\skip46

For additional information on amsmath, use the `?' option.
(/usr/share/texmf-texlive/tex/latex/amsmath/amstext.sty
Package: amstext 2000/06/29 v2.01

(/usr/share/texmf-texlive/tex/latex/amsmath/amsgen.sty
File: amsgen.sty 1999/11/30 v2.0
\@emptytoks=\toks24
\ex@=\dimen103
))
(/usr/share/texmf-texlive/tex/latex/amsmath/amsbsy.sty
Package: amsbsy 1999/11/29 v1.2d
\pmbraise@=\dimen104
)
(/usr/share/texmf-texlive/tex/latex/amsmath/amsopn.sty
Package: amsopn 1999/12/14 v2.01 operator names
)
\inf@bad=\count90
LaTeX Info: Redefining \frac on input line 211.
\uproot@=\count91
\leftroot@=\count92
LaTeX Info: Redefining \overline on input line 307.
\classnum@=\count93
\DOTSCASE@=\count94
LaTeX Info: Redefining \ldots on input line 379.
LaTeX Info: Redefining \dots on input line 382.
LaTeX Info: Redefining \cdots on input line 467.
\Mathstrutbox@=\box26
\strutbox@=\box27
\big@size=\dimen105
LaTeX Font Info:    Redeclaring font encoding OML on input line 567.
LaTeX Font Info:    Redeclaring font encoding OMS on input line 568.
\macc@depth=\count95
\c@MaxMatrixCols=\count96
\dotsspace@=\muskip10
\c@parentequation=\count97
\dspbrk@lvl=\count98
\tag@help=\toks25
\row@=\count99
\column@=\count100
\maxfields@=\count101
\andhelp@=\toks26
\eqnshift@=\dimen106
\alignsep@=\dimen107
\tagshift@=\dimen108
\tagwidth@=\dimen109
\totwidth@=\dimen110
\lineht@=\dimen111
\@envbody=\toks27
\multlinegap=\skip47
\multlinetaggap=\skip48
\mathdisplay@stack=\toks28
LaTeX Info: Redefining \[ on input line 2666.
LaTeX Info: Redefining \] on input line 2667.
)
(/usr/share/texmf-texlive/tex/latex/ltxmisc/cancel.sty
Package: cancel 2000/03/12 v2.1 Cancel math terms
) (./Hmwk_5.aux)
\openout1 = `Hmwk_5.aux'.

LaTeX Font Info:    Checking defaults for OML/cmm/m/it on input line 25.
LaTeX Font Info:    ... okay on input line 25.
LaTeX Font Info:    Checking defaults for T1/cmr/m/n on input line 25.
LaTeX Font Info:    ... okay on input line 25.
LaTeX Font Info:    Checking defaults for OT1/cmr/m/n on input line 25.
LaTeX Font Info:    ... okay on input line 25.
LaTeX Font Info:    Checking defaults for OMS/cmsy/m/n on input line 25.
LaTeX Font Info:    ... okay on input line 25.
LaTeX Font Info:    Checking defaults for OMX/cmex/m/n on input line 25.
LaTeX Font Info:    ... okay on input line 25.
LaTeX Font Info:    Checking defaults for U/cmr/m/n on input line 25.
LaTeX Font Info:    ... okay on input line 25.

(../title.tex [1

])
LaTeX Font Info:    Try loading font information for U+lasy on input line 50.
 (/usr/share/texmf-texlive/tex/latex/base/ulasy.fd
File: ulasy.fd 1998/08/17 v2.2e LaTeX symbol font definitions
)
LaTeX Font Info:    Try loading font information for U+msa on input line 50.

(/usr/share/texmf-texlive/tex/latex/amsfonts/umsa.fd
File: umsa.fd 2009/06/22 v3.00 AMS symbols A
)
LaTeX Font Info:    Try loading font information for U+msb on input line 50.

(/usr/share/texmf-texlive/tex/latex/amsfonts/umsb.fd
File: umsb.fd 2009/06/22 v3.00 AMS symbols B
)
Overfull \hbox (36.12953pt too wide) in paragraph at lines 64--64
[]        \OT1/cmtt/m/n/10.95 list post[v] in decreasing order \\Lineraize the 
DAG G with the new post numbers[] 
 []

[1] [2] (./Hmwk_5.aux) ) 
Here is how much of TeX's memory you used:
 1334 strings out of 493849
 15364 string characters out of 1152847
 68899 words of memory out of 3000000
 4621 multiletter control sequences out of 15000+50000
 10920 words of font info for 43 fonts, out of 3000000 for 9000
 714 hyphenation exceptions out of 8191
 27i,4n,24p,893b,262s stack positions out of 5000i,500n,10000p,200000b,50000s

Output written on Hmwk_5.dvi (3 pages, 4788 bytes).
